<!DOCTYPE html>
<html>
<head>
    <title>My reports</title>
    <meta charset="utf-8">
    <meta name="viewport" content="width=device-width, initial-scale=1.0">
    <link rel="stylesheet" href="https://maxcdn.bootstrapcdn.com/bootstrap/3.3.6/css/bootstrap.min.css" integrity="sha384-1q8mTJOASx8j1Au+a5WDVnPi2lkFfwwEAa8hDDdjZlpLegxhjVME1fgjWPGmkzs7" crossorigin="anonymous">
</head>
<body>
    <div class="container">
        <div class="row">
            <div class="col-xs-12">
                <h2 class="text-capitalize">My reports</h2>
                <p class='attribute'><strong>Start Time: </strong>2022-05-13 17:23:12</p>
                <p class='attribute'><strong>Duration: </strong>24.44 s</p>
                <p class='attribute'><strong>Summary: </strong>Total: 2, Pass: 1, Error: 1</p>
            </div>
        </div>
        <div class="row">
            <div class="col-xs-12 col-sm-10 col-md-10">
                <table class='table table-hover table-responsive'>
                    <thead>
                        <tr>
                            <th>FormAuth.TestFormAuth</th>
                            <th>Status</th>
                            <th></th>
                        </tr>
                    </thead>
                    <tbody>
                        <tr class='success'>
                            <td class="col-xs-10">test</td>
                            <td class="col-xs-1">
                                <span class="label label-success" style="display:block;width:40px;">Pass</span>
                            </td>
                            <td class="col-xs-1">
                                <button class="btn btn-default btn-xs">View</button>
                            </td>
                        </tr>
                        <tr style="display:none;">
                            <td class="col-xs-9" colspan="3"><p>Test passed
You logged into a secure area!
×
You logged into a secure area!
×
</p>
                            </td>
                        </tr>
                        <tr>
                            <td colspan="3">
                                Total: 1, Pass: 1 -- Duration: 15.80 s
                            </td>
                        </tr>
                    </tbody>
                </table>
            </div>
        </div>
        <div class="row">
            <div class="col-xs-12 col-sm-10 col-md-10">
                <table class='table table-hover table-responsive'>
                    <thead>
                        <tr>
                            <th>TestMultiFile.TestMultiTab</th>
                            <th>Status</th>
                            <th></th>
                        </tr>
                    </thead>
                    <tbody>
                        <tr class='warning'>
                            <td class="col-xs-10">test</td>
                            <td class="col-xs-1">
                                <span class="label label-warning" style="display:block;width:40px;">Error</span>
                            </td>
                            <td class="col-xs-1">
                                <button class="btn btn-default btn-xs">View</button>
                            </td>
                        </tr>
                        <tr style="display:none;">
                            <td class="col-xs-9" colspan="3"><p style="color:maroon;">WebDriverException: Message: chrome not reachable
  (Session info: chrome=101.0.4951.64)
Stacktrace:
#0 0x562fcbb8c533 <unknown>
#1 0x562fcb8eb07f <unknown>
#2 0x562fcb8d93f4 <unknown>
#3 0x562fcb8cad2d <unknown>
#4 0x562fcb947a37 <unknown>
#5 0x562fcb93ef08 <unknown>
#6 0x562fcb91471a <unknown>
#7 0x562fcb915875 <unknown>
#8 0x562fcbbd0e1d <unknown>
#9 0x562fcbbd4751 <unknown>
#10 0x562fcbbbb07e <unknown>
#11 0x562fcbbd5388 <unknown>
#12 0x562fcbbaffe0 <unknown>
#13 0x562fcbbf1748 <unknown>
#14 0x562fcbbf18c8 <unknown>
#15 0x562fcbc0b70d <unknown>
#16 0x7fce1fea4609 <unknown>
</p><p style="color:maroon;">Traceback (most recent call last):
  File "/home/cristina/PycharmProjects/pythonProject/Intro_in_programming, OOP, Design_Patterns,Selenium_WebDriver,BDD,API_Testing/16Martie/16 Martie Curs IT/TestMultiFile.py", line 24, in test
    self.driver.switch_to.window(first_tab)
  File "/home/cristina/PycharmProjects/pythonProject/venv/lib/python3.8/site-packages/selenium/webdriver/remote/switch_to.py", line 134, in window
    self._w3c_window(window_name)
  File "/home/cristina/PycharmProjects/pythonProject/venv/lib/python3.8/site-packages/selenium/webdriver/remote/switch_to.py", line 143, in _w3c_window
    send_handle(window_name)
  File "/home/cristina/PycharmProjects/pythonProject/venv/lib/python3.8/site-packages/selenium/webdriver/remote/switch_to.py", line 139, in send_handle
    self._driver.execute(Command.SWITCH_TO_WINDOW, {'handle': h})
  File "/home/cristina/PycharmProjects/pythonProject/venv/lib/python3.8/site-packages/selenium/webdriver/remote/webdriver.py", line 424, in execute
    self.error_handler.check_response(response)
  File "/home/cristina/PycharmProjects/pythonProject/venv/lib/python3.8/site-packages/selenium/webdriver/remote/errorhandler.py", line 247, in check_response
    raise exception_class(message, screen, stacktrace)
selenium.common.exceptions.WebDriverException: Message: chrome not reachable
  (Session info: chrome=101.0.4951.64)
Stacktrace:
#0 0x562fcbb8c533 <unknown>
#1 0x562fcb8eb07f <unknown>
#2 0x562fcb8d93f4 <unknown>
#3 0x562fcb8cad2d <unknown>
#4 0x562fcb947a37 <unknown>
#5 0x562fcb93ef08 <unknown>
#6 0x562fcb91471a <unknown>
#7 0x562fcb915875 <unknown>
#8 0x562fcbbd0e1d <unknown>
#9 0x562fcbbd4751 <unknown>
#10 0x562fcbbbb07e <unknown>
#11 0x562fcbbd5388 <unknown>
#12 0x562fcbbaffe0 <unknown>
#13 0x562fcbbf1748 <unknown>
#14 0x562fcbbf18c8 <unknown>
#15 0x562fcbc0b70d <unknown>
#16 0x7fce1fea4609 <unknown>



====== WebDriver manager ======
Current google-chrome version is 101.0.4951
Get LATEST chromedriver version for 101.0.4951 google-chrome
Driver [/home/cristina/.wdm/drivers/chromedriver/linux64/101.0.4951.41/chromedriver] found in cache
</p>
                            </td>
                        </tr>
                        <tr>
                            <td colspan="3">
                                Total: 1, Pass: 0, Error: 1 -- Duration: 8.64 s
                            </td>
                        </tr>
                    </tbody>
                </table>
            </div>
        </div>
    </div>
    <script src="https://ajax.googleapis.com/ajax/libs/jquery/2.2.4/jquery.min.js"></script>
    <script type="text/javascript">
        $(document).ready(function(){
            $('td').on('click', '.btn', function(e){
                e.preventDefault();
                e.stopImmediatePropagation();
                var $this = $(this);
                var $nextRow = $this.closest('tr').next('tr');
                $nextRow.slideToggle("fast");
                $this.text(function(i, text){
                    if (text === 'View') {
                        return 'Hide';
                    } else {
                        return 'View';
                    };
                });
            });
        });
    </script>
</body>
</html